


ARM Macro Assembler    Page 1 


    1 00000000         
    2 00000000 00000400 
                       Stack_Size
                               EQU              0x00000400
    3 00000000         
    4 00000000                 AREA             STACK, NOINIT, READWRITE, ALIGN
=3
    5 00000000         Stack_Mem
                               SPACE            Stack_Size
    6 00000400         __initial_sp
    7 00000400         
    8 00000400         ; Vector Table Mapped to Address 0 at Reset
    9 00000400                 AREA             RESET_Ram, DATA, READONLY
   10 00000000                 EXPORT           __Vectors_Ram
   11 00000000                 EXPORT           __Vectors_End_Ram
   12 00000000                 EXPORT           __Vectors_Size_Ram
   13 00000000         
   14 00000000 00000000 
                       __Vectors_Ram
                               DCD              __initial_sp ; Top of Stack
   15 00000004 00000000        DCD              Reset_Handler ; Reset Handler
   16 00000008 00000000        DCD              NMI_Handler ; NMI Handler
   17 0000000C 00000000        DCD              HardFault_Handler ; Hard Fault 
                                                            Handler
   18 00000010 00000000        DCD              MemManage_Handler 
                                                            ; MPU Fault Handler
                                                            
   19 00000014 00000000        DCD              BusFault_Handler 
                                                            ; Bus Fault Handler
                                                            
   20 00000018 00000000        DCD              UsageFault_Handler ; Usage Faul
                                                            t Handler
   21 0000001C 00000000        DCD              0           ; Reserved
   22 00000020 00000000        DCD              0           ; Reserved
   23 00000024 00000000        DCD              0           ; Reserved
   24 00000028 00000000        DCD              0           ; Reserved
   25 0000002C 00000000        DCD              SVC_Handler ; SVCall Handler
   26 00000030 00000000        DCD              DebugMon_Handler ; Debug Monito
                                                            r Handler
   27 00000034 00000000        DCD              0           ; Reserved
   28 00000038 00000000        DCD              PendSV_Handler ; PendSV Handler
                                                            
   29 0000003C 00000000        DCD              SysTick_Handler 
                                                            ; SysTick Handler
   30 00000040         
   31 00000040         ; External Interrupts
   32 00000040 00000000        DCD              WWDG_IRQHandler ; Window WatchD
                                                            og                 
                                                                               
                                                                
   33 00000044 00000000        DCD              PVD_IRQHandler ; PVD through EX
                                                            TI Line detection  
                                                                               
                                                               
   34 00000048 00000000        DCD              TAMP_STAMP_IRQHandler ; Tamper 
                                                            and TimeStamps thro
                                                            ugh the EXTI line  
                                                                      
   35 0000004C 00000000        DCD              RTC_WKUP_IRQHandler ; RTC Wakeu



ARM Macro Assembler    Page 2 


                                                            p through the EXTI 
                                                            line               
                                                                    
   36 00000050 00000000        DCD              FLASH_IRQHandler ; FLASH       
                                                                               
                                                                             
   37 00000054 00000000        DCD              RCC_IRQHandler ; RCC           
                                                                               
                                                                           
   38 00000058 00000000        DCD              EXTI0_IRQHandler ; EXTI Line0  
                                                                               
                                                                               
                                                                 
   39 0000005C 00000000        DCD              EXTI1_IRQHandler ; EXTI Line1  
                                                                               
                                                                               
                                                                 
   40 00000060 00000000        DCD              EXTI2_IRQHandler ; EXTI Line2  
                                                                               
                                                                               
                                                                 
   41 00000064 00000000        DCD              EXTI3_IRQHandler ; EXTI Line3  
                                                                               
                                                                               
                                                                 
   42 00000068 00000000        DCD              EXTI4_IRQHandler ; EXTI Line4  
                                                                               
                                                                               
                                                                 
   43 0000006C 00000000        DCD              DMA1_Stream0_IRQHandler ; DMA1 
                                                            Stream 0           
                                                                               
                                                                 
   44 00000070 00000000        DCD              DMA1_Stream1_IRQHandler ; DMA1 
                                                            Stream 1           
                                                                               
                                                                 
   45 00000074 00000000        DCD              DMA1_Stream2_IRQHandler ; DMA1 
                                                            Stream 2           
                                                                               
                                                                 
   46 00000078 00000000        DCD              DMA1_Stream3_IRQHandler ; DMA1 
                                                            Stream 3           
                                                                               
                                                                 
   47 0000007C 00000000        DCD              DMA1_Stream4_IRQHandler ; DMA1 
                                                            Stream 4           
                                                                               
                                                                 
   48 00000080 00000000        DCD              DMA1_Stream5_IRQHandler ; DMA1 
                                                            Stream 5           
                                                                               
                                                                 
   49 00000084 00000000        DCD              DMA1_Stream6_IRQHandler ; DMA1 
                                                            Stream 6           
                                                                               
                                                                 
   50 00000088 00000000        DCD              ADC_IRQHandler ; ADC1, ADC2 and
                                                             ADC3s             



ARM Macro Assembler    Page 3 


                                                                           
   51 0000008C 00000000        DCD              CAN1_TX_IRQHandler ; CAN1 TX   
                                                                               
                                                                               
                                                                   
   52 00000090 00000000        DCD              CAN1_RX0_IRQHandler ; CAN1 RX0 
                                                                               
                                                                               
                                                                    
   53 00000094 00000000        DCD              CAN1_RX1_IRQHandler ; CAN1 RX1 
                                                                               
                                                                               
                                                                    
   54 00000098 00000000        DCD              CAN1_SCE_IRQHandler ; CAN1 SCE 
                                                                               
                                                                               
                                                                    
   55 0000009C 00000000        DCD              EXTI9_5_IRQHandler ; External L
                                                            ine[9:5]s          
                                                                               
                                                                   
   56 000000A0 00000000        DCD              TIM1_BRK_TIM9_IRQHandler ; TIM1
                                                             Break and TIM9    
                                                                           
   57 000000A4 00000000        DCD              TIM1_UP_TIM10_IRQHandler ; TIM1
                                                             Update and TIM10  
                                                                           
   58 000000A8 00000000        DCD              TIM1_TRG_COM_TIM11_IRQHandler ;
                                                             TIM1 Trigger and C
                                                            ommutation and TIM1
                                                            1
   59 000000AC 00000000        DCD              TIM1_CC_IRQHandler ; TIM1 Captu
                                                            re Compare         
                                                                               
                                                                   
   60 000000B0 00000000        DCD              TIM2_IRQHandler ; TIM2         
                                                                               
                                                                            
   61 000000B4 00000000        DCD              TIM3_IRQHandler ; TIM3         
                                                                               
                                                                            
   62 000000B8 00000000        DCD              TIM4_IRQHandler ; TIM4         
                                                                               
                                                                            
   63 000000BC 00000000        DCD              I2C1_EV_IRQHandler ; I2C1 Event
                                                                               
                                                                               
                                                                   
   64 000000C0 00000000        DCD              I2C1_ER_IRQHandler ; I2C1 Error
                                                                               
                                                                               
                                                                   
   65 000000C4 00000000        DCD              I2C2_EV_IRQHandler ; I2C2 Event
                                                                               
                                                                               
                                                                   
   66 000000C8 00000000        DCD              I2C2_ER_IRQHandler ; I2C2 Error
                                                                               
                                                                               



ARM Macro Assembler    Page 4 


                                                                     
   67 000000CC 00000000        DCD              SPI1_IRQHandler ; SPI1         
                                                                               
                                                                            
   68 000000D0 00000000        DCD              SPI2_IRQHandler ; SPI2         
                                                                               
                                                                            
   69 000000D4 00000000        DCD              USART1_IRQHandler ; USART1     
                                                                               
                                                                              
   70 000000D8 00000000        DCD              USART2_IRQHandler ; USART2     
                                                                               
                                                                              
   71 000000DC 00000000        DCD              USART3_IRQHandler ; USART3     
                                                                               
                                                                              
   72 000000E0 00000000        DCD              EXTI15_10_IRQHandler ; External
                                                             Line[15:10]s      
                                                                               
                                                                     
   73 000000E4 00000000        DCD              RTC_Alarm_IRQHandler ; RTC Alar
                                                            m (A and B) through
                                                             EXTI Line         
                                                                     
   74 000000E8 00000000        DCD              OTG_FS_WKUP_IRQHandler ; USB OT
                                                            G FS Wakeup through
                                                             EXTI line         
                                                                           
   75 000000EC 00000000        DCD              TIM8_BRK_TIM12_IRQHandler ; TIM
                                                            8 Break and TIM12  
                                                                            
   76 000000F0 00000000        DCD              TIM8_UP_TIM13_IRQHandler ; TIM8
                                                             Update and TIM13  
                                                                           
   77 000000F4 00000000        DCD              TIM8_TRG_COM_TIM14_IRQHandler ;
                                                             TIM8 Trigger and C
                                                            ommutation and TIM1
                                                            4
   78 000000F8 00000000        DCD              TIM8_CC_IRQHandler ; TIM8 Captu
                                                            re Compare         
                                                                               
                                                                   
   79 000000FC 00000000        DCD              DMA1_Stream7_IRQHandler ; DMA1 
                                                            Stream7            
                                                                               
                                                                        
   80 00000100 00000000        DCD              FSMC_IRQHandler ; FSMC         
                                                                               
                                                                            
   81 00000104 00000000        DCD              SDIO_IRQHandler ; SDIO         
                                                                               
                                                                            
   82 00000108 00000000        DCD              TIM5_IRQHandler ; TIM5         
                                                                               
                                                                            
   83 0000010C 00000000        DCD              SPI3_IRQHandler ; SPI3         
                                                                               
                                                                            
   84 00000110 00000000        DCD              UART4_IRQHandler ; UART4       



ARM Macro Assembler    Page 5 


                                                                               
                                                                             
   85 00000114 00000000        DCD              UART5_IRQHandler ; UART5       
                                                                               
                                                                             
   86 00000118 00000000        DCD              TIM6_DAC_IRQHandler ; TIM6 and 
                                                            DAC1&2 underrun err
                                                            ors                
                                                               
   87 0000011C 00000000        DCD              TIM7_IRQHandler ; TIM7         
                                                                      
   88 00000120 00000000        DCD              DMA2_Stream0_IRQHandler ; DMA2 
                                                            Stream 0           
                                                                               
                                                                 
   89 00000124 00000000        DCD              DMA2_Stream1_IRQHandler ; DMA2 
                                                            Stream 1           
                                                                               
                                                                 
   90 00000128 00000000        DCD              DMA2_Stream2_IRQHandler ; DMA2 
                                                            Stream 2           
                                                                               
                                                                 
   91 0000012C 00000000        DCD              DMA2_Stream3_IRQHandler ; DMA2 
                                                            Stream 3           
                                                                               
                                                                 
   92 00000130 00000000        DCD              DMA2_Stream4_IRQHandler ; DMA2 
                                                            Stream 4           
                                                                               
                                                                 
   93 00000134 00000000        DCD              ETH_IRQHandler ; Ethernet      
                                                                               
                                                                           
   94 00000138 00000000        DCD              ETH_WKUP_IRQHandler ; Ethernet 
                                                            Wakeup through EXTI
                                                             line              
                                                                    
   95 0000013C 00000000        DCD              CAN2_TX_IRQHandler ; CAN2 TX   
                                                                               
                                                                               
                                                                   
   96 00000140 00000000        DCD              CAN2_RX0_IRQHandler ; CAN2 RX0 
                                                                               
                                                                               
                                                                    
   97 00000144 00000000        DCD              CAN2_RX1_IRQHandler ; CAN2 RX1 
                                                                               
                                                                               
                                                                    
   98 00000148 00000000        DCD              CAN2_SCE_IRQHandler ; CAN2 SCE 
                                                                               
                                                                               
                                                                    
   99 0000014C 00000000        DCD              OTG_FS_IRQHandler ; USB OTG FS 
                                                                               
                                                                              
  100 00000150 00000000        DCD              DMA2_Stream5_IRQHandler ; DMA2 
                                                            Stream 5           



ARM Macro Assembler    Page 6 


                                                                               
                                                                 
  101 00000154 00000000        DCD              DMA2_Stream6_IRQHandler ; DMA2 
                                                            Stream 6           
                                                                               
                                                                 
  102 00000158 00000000        DCD              DMA2_Stream7_IRQHandler ; DMA2 
                                                            Stream 7           
                                                                               
                                                                 
  103 0000015C 00000000        DCD              USART6_IRQHandler ; USART6     
                                                                               
                                                                               
                                                            
  104 00000160 00000000        DCD              I2C3_EV_IRQHandler ; I2C3 event
                                                                               
                                                                               
                                                                   
  105 00000164 00000000        DCD              I2C3_ER_IRQHandler ; I2C3 error
                                                                               
                                                                               
                                                                   
  106 00000168 00000000        DCD              OTG_HS_EP1_OUT_IRQHandler ; USB
                                                             OTG HS End Point 1
                                                             Out               
                                                                   
  107 0000016C 00000000        DCD              OTG_HS_EP1_IN_IRQHandler ; USB 
                                                            OTG HS End Point 1 
                                                            In                 
                                                                  
  108 00000170 00000000        DCD              OTG_HS_WKUP_IRQHandler ; USB OT
                                                            G HS Wakeup through
                                                             EXTI              
                                                                       
  109 00000174 00000000        DCD              OTG_HS_IRQHandler ; USB OTG HS 
                                                                               
                                                                              
  110 00000178 00000000        DCD              DCMI_IRQHandler ; DCMI         
                                                                               
                                                                            
  111 0000017C 00000000        DCD              CRYP_IRQHandler ; CRYP crypto  
                                                                               
                                                                            
  112 00000180 00000000        DCD              HASH_RNG_IRQHandler 
                                                            ; Hash and Rng
  113 00000184 00000000        DCD              FPU_IRQHandler ; FPU
  114 00000188         
  115 00000188         __Vectors_End_Ram
  116 00000188         
  117 00000188 00000188 
                       __Vectors_Size_Ram
                               EQU              __Vectors_End_Ram - __Vectors_R
am
  118 00000188         
  119 00000188                 AREA             |.text|, CODE, READONLY
  120 00000000         
  121 00000000                 IMPORT           Reset_Handler
  122 00000000                 IMPORT           NMI_Handler
  123 00000000                 IMPORT           HardFault_Handler



ARM Macro Assembler    Page 7 


  124 00000000                 IMPORT           MemManage_Handler
  125 00000000                 IMPORT           BusFault_Handler
  126 00000000                 IMPORT           UsageFault_Handler
  127 00000000                 IMPORT           SVC_Handler
  128 00000000                 IMPORT           DebugMon_Handler
  129 00000000                 IMPORT           PendSV_Handler
  130 00000000                 IMPORT           SysTick_Handler
  131 00000000         
  132 00000000                 IMPORT           WWDG_IRQHandler                
   [WEAK]
  133 00000000                 IMPORT           PVD_IRQHandler                 
   [WEAK]
  134 00000000                 IMPORT           TAMP_STAMP_IRQHandler          
   [WEAK]
  135 00000000                 IMPORT           RTC_WKUP_IRQHandler            
   [WEAK]
  136 00000000                 IMPORT           FLASH_IRQHandler               
   [WEAK]
  137 00000000                 IMPORT           RCC_IRQHandler                 
   [WEAK]
  138 00000000                 IMPORT           EXTI0_IRQHandler               
   [WEAK]
  139 00000000                 IMPORT           EXTI1_IRQHandler               
   [WEAK]
  140 00000000                 IMPORT           EXTI2_IRQHandler               
   [WEAK]
  141 00000000                 IMPORT           EXTI3_IRQHandler               
   [WEAK]
  142 00000000                 IMPORT           EXTI4_IRQHandler               
   [WEAK]
  143 00000000                 IMPORT           DMA1_Stream0_IRQHandler        
   [WEAK]
  144 00000000                 IMPORT           DMA1_Stream1_IRQHandler        
   [WEAK]
  145 00000000                 IMPORT           DMA1_Stream2_IRQHandler        
   [WEAK]
  146 00000000                 IMPORT           DMA1_Stream3_IRQHandler        
   [WEAK]
  147 00000000                 IMPORT           DMA1_Stream4_IRQHandler        
   [WEAK]
  148 00000000                 IMPORT           DMA1_Stream5_IRQHandler        
   [WEAK]
  149 00000000                 IMPORT           DMA1_Stream6_IRQHandler        
   [WEAK]
  150 00000000                 IMPORT           ADC_IRQHandler                 
   [WEAK]
  151 00000000                 IMPORT           CAN1_TX_IRQHandler             
   [WEAK]
  152 00000000                 IMPORT           CAN1_RX0_IRQHandler            
   [WEAK]
  153 00000000                 IMPORT           CAN1_RX1_IRQHandler            
   [WEAK]
  154 00000000                 IMPORT           CAN1_SCE_IRQHandler            
   [WEAK]
  155 00000000                 IMPORT           EXTI9_5_IRQHandler             
   [WEAK]
  156 00000000                 IMPORT           TIM1_BRK_TIM9_IRQHandler       
   [WEAK]
  157 00000000                 IMPORT           TIM1_UP_TIM10_IRQHandler       



ARM Macro Assembler    Page 8 


   [WEAK]
  158 00000000                 IMPORT           TIM1_TRG_COM_TIM11_IRQHandler  
   [WEAK]
  159 00000000                 IMPORT           TIM1_CC_IRQHandler             
   [WEAK]
  160 00000000                 IMPORT           TIM2_IRQHandler                
   [WEAK]
  161 00000000                 IMPORT           TIM3_IRQHandler                
   [WEAK]
  162 00000000                 IMPORT           TIM4_IRQHandler                
   [WEAK]
  163 00000000                 IMPORT           I2C1_EV_IRQHandler             
   [WEAK]
  164 00000000                 IMPORT           I2C1_ER_IRQHandler             
   [WEAK]
  165 00000000                 IMPORT           I2C2_EV_IRQHandler             
   [WEAK]
  166 00000000                 IMPORT           I2C2_ER_IRQHandler             
   [WEAK]
  167 00000000                 IMPORT           SPI1_IRQHandler                
   [WEAK]
  168 00000000                 IMPORT           SPI2_IRQHandler                
   [WEAK]
  169 00000000                 IMPORT           USART1_IRQHandler              
   [WEAK]
  170 00000000                 IMPORT           USART2_IRQHandler              
   [WEAK]
  171 00000000                 IMPORT           USART3_IRQHandler              
   [WEAK]
  172 00000000                 IMPORT           EXTI15_10_IRQHandler           
   [WEAK]
  173 00000000                 IMPORT           RTC_Alarm_IRQHandler           
   [WEAK]
  174 00000000                 IMPORT           OTG_FS_WKUP_IRQHandler         
   [WEAK]
  175 00000000                 IMPORT           TIM8_BRK_TIM12_IRQHandler      
   [WEAK]
  176 00000000                 IMPORT           TIM8_UP_TIM13_IRQHandler       
   [WEAK]
  177 00000000                 IMPORT           TIM8_TRG_COM_TIM14_IRQHandler  
   [WEAK]
  178 00000000                 IMPORT           TIM8_CC_IRQHandler             
   [WEAK]
  179 00000000                 IMPORT           DMA1_Stream7_IRQHandler        
   [WEAK]
  180 00000000                 IMPORT           FSMC_IRQHandler                
   [WEAK]
  181 00000000                 IMPORT           SDIO_IRQHandler                
   [WEAK]
  182 00000000                 IMPORT           TIM5_IRQHandler                
   [WEAK]
  183 00000000                 IMPORT           SPI3_IRQHandler                
   [WEAK]
  184 00000000                 IMPORT           UART4_IRQHandler               
   [WEAK]
  185 00000000                 IMPORT           UART5_IRQHandler               
   [WEAK]
  186 00000000                 IMPORT           TIM6_DAC_IRQHandler            
   [WEAK]



ARM Macro Assembler    Page 9 


  187 00000000                 IMPORT           TIM7_IRQHandler                
   [WEAK]
  188 00000000                 IMPORT           DMA2_Stream0_IRQHandler        
   [WEAK]
  189 00000000                 IMPORT           DMA2_Stream1_IRQHandler        
   [WEAK]
  190 00000000                 IMPORT           DMA2_Stream2_IRQHandler        
   [WEAK]
  191 00000000                 IMPORT           DMA2_Stream3_IRQHandler        
   [WEAK]
  192 00000000                 IMPORT           DMA2_Stream4_IRQHandler        
   [WEAK]
  193 00000000                 IMPORT           ETH_IRQHandler                 
   [WEAK]
  194 00000000                 IMPORT           ETH_WKUP_IRQHandler            
   [WEAK]
  195 00000000                 IMPORT           CAN2_TX_IRQHandler             
   [WEAK]
  196 00000000                 IMPORT           CAN2_RX0_IRQHandler            
   [WEAK]
  197 00000000                 IMPORT           CAN2_RX1_IRQHandler            
   [WEAK]
  198 00000000                 IMPORT           CAN2_SCE_IRQHandler            
   [WEAK]
  199 00000000                 IMPORT           OTG_FS_IRQHandler              
   [WEAK]
  200 00000000                 IMPORT           DMA2_Stream5_IRQHandler        
   [WEAK]
  201 00000000                 IMPORT           DMA2_Stream6_IRQHandler        
   [WEAK]
  202 00000000                 IMPORT           DMA2_Stream7_IRQHandler        
   [WEAK]
  203 00000000                 IMPORT           USART6_IRQHandler              
   [WEAK]
  204 00000000                 IMPORT           I2C3_EV_IRQHandler             
   [WEAK]
  205 00000000                 IMPORT           I2C3_ER_IRQHandler             
   [WEAK]
  206 00000000                 IMPORT           OTG_HS_EP1_OUT_IRQHandler      
   [WEAK]
  207 00000000                 IMPORT           OTG_HS_EP1_IN_IRQHandler       
   [WEAK]
  208 00000000                 IMPORT           OTG_HS_WKUP_IRQHandler         
   [WEAK]
  209 00000000                 IMPORT           OTG_HS_IRQHandler              
   [WEAK]
  210 00000000                 IMPORT           DCMI_IRQHandler                
   [WEAK]
  211 00000000                 IMPORT           CRYP_IRQHandler                
   [WEAK]
  212 00000000                 IMPORT           HASH_RNG_IRQHandler            
   [WEAK]
  213 00000000                 IMPORT           FPU_IRQHandler                 
   [WEAK]
  214 00000000         
  215 00000000                 END
Command Line: --debug --xref --diag_suppress=9931 --cpu=Cortex-M4.fp.sp --apcs=
interwork --depend=.\objects\startup_stm32f40_41xxx_ram.d -o.\objects\startup_s
tm32f40_41xxx_ram.o -IC:\Users\Administrator\AppData\Local\Arm\Packs\Keil\STM32



ARM Macro Assembler    Page 10 


F4xx_DFP\2.11.0\Drivers\CMSIS\Device\ST\STM32F4xx\Include --predefine="__MICROL
IB SETA 1" --predefine="__UVISION_VERSION SETA 535" --predefine="STM32F407xx SE
TA 1" --list=.\listings\startup_stm32f40_41xxx_ram.lst Core\src\startup_stm32f4
0_41xxx_ram.s



ARM Macro Assembler    Page 1 Alphabetic symbol ordering
Relocatable symbols

STACK 00000000

Symbol: STACK
   Definitions
      At line 4 in file Core\src\startup_stm32f40_41xxx_ram.s
   Uses
      None
Comment: STACK unused
Stack_Mem 00000000

Symbol: Stack_Mem
   Definitions
      At line 5 in file Core\src\startup_stm32f40_41xxx_ram.s
   Uses
      None
Comment: Stack_Mem unused
__initial_sp 00000400

Symbol: __initial_sp
   Definitions
      At line 6 in file Core\src\startup_stm32f40_41xxx_ram.s
   Uses
      At line 14 in file Core\src\startup_stm32f40_41xxx_ram.s
Comment: __initial_sp used once
3 symbols



ARM Macro Assembler    Page 1 Alphabetic symbol ordering
Relocatable symbols

RESET_Ram 00000000

Symbol: RESET_Ram
   Definitions
      At line 9 in file Core\src\startup_stm32f40_41xxx_ram.s
   Uses
      None
Comment: RESET_Ram unused
__Vectors_End_Ram 00000188

Symbol: __Vectors_End_Ram
   Definitions
      At line 115 in file Core\src\startup_stm32f40_41xxx_ram.s
   Uses
      At line 11 in file Core\src\startup_stm32f40_41xxx_ram.s
      At line 117 in file Core\src\startup_stm32f40_41xxx_ram.s

__Vectors_Ram 00000000

Symbol: __Vectors_Ram
   Definitions
      At line 14 in file Core\src\startup_stm32f40_41xxx_ram.s
   Uses
      At line 10 in file Core\src\startup_stm32f40_41xxx_ram.s
      At line 117 in file Core\src\startup_stm32f40_41xxx_ram.s

3 symbols



ARM Macro Assembler    Page 1 Alphabetic symbol ordering
Relocatable symbols

.text 00000000

Symbol: .text
   Definitions
      At line 119 in file Core\src\startup_stm32f40_41xxx_ram.s
   Uses
      None
Comment: .text unused
1 symbol



ARM Macro Assembler    Page 1 Alphabetic symbol ordering
Absolute symbols

Stack_Size 00000400

Symbol: Stack_Size
   Definitions
      At line 2 in file Core\src\startup_stm32f40_41xxx_ram.s
   Uses
      At line 5 in file Core\src\startup_stm32f40_41xxx_ram.s
Comment: Stack_Size used once
__Vectors_Size_Ram 00000188

Symbol: __Vectors_Size_Ram
   Definitions
      At line 117 in file Core\src\startup_stm32f40_41xxx_ram.s
   Uses
      At line 12 in file Core\src\startup_stm32f40_41xxx_ram.s
Comment: __Vectors_Size_Ram used once
2 symbols



ARM Macro Assembler    Page 1 Alphabetic symbol ordering
External symbols

ADC_IRQHandler 00000000

Symbol: ADC_IRQHandler
   Definitions
      At line 150 in file Core\src\startup_stm32f40_41xxx_ram.s
   Uses
      At line 50 in file Core\src\startup_stm32f40_41xxx_ram.s
Comment: ADC_IRQHandler used once
BusFault_Handler 00000000

Symbol: BusFault_Handler
   Definitions
      At line 125 in file Core\src\startup_stm32f40_41xxx_ram.s
   Uses
      At line 19 in file Core\src\startup_stm32f40_41xxx_ram.s
Comment: BusFault_Handler used once
CAN1_RX0_IRQHandler 00000000

Symbol: CAN1_RX0_IRQHandler
   Definitions
      At line 152 in file Core\src\startup_stm32f40_41xxx_ram.s
   Uses
      At line 52 in file Core\src\startup_stm32f40_41xxx_ram.s
Comment: CAN1_RX0_IRQHandler used once
CAN1_RX1_IRQHandler 00000000

Symbol: CAN1_RX1_IRQHandler
   Definitions
      At line 153 in file Core\src\startup_stm32f40_41xxx_ram.s
   Uses
      At line 53 in file Core\src\startup_stm32f40_41xxx_ram.s
Comment: CAN1_RX1_IRQHandler used once
CAN1_SCE_IRQHandler 00000000

Symbol: CAN1_SCE_IRQHandler
   Definitions
      At line 154 in file Core\src\startup_stm32f40_41xxx_ram.s
   Uses
      At line 54 in file Core\src\startup_stm32f40_41xxx_ram.s
Comment: CAN1_SCE_IRQHandler used once
CAN1_TX_IRQHandler 00000000

Symbol: CAN1_TX_IRQHandler
   Definitions
      At line 151 in file Core\src\startup_stm32f40_41xxx_ram.s
   Uses
      At line 51 in file Core\src\startup_stm32f40_41xxx_ram.s
Comment: CAN1_TX_IRQHandler used once
CAN2_RX0_IRQHandler 00000000

Symbol: CAN2_RX0_IRQHandler
   Definitions
      At line 196 in file Core\src\startup_stm32f40_41xxx_ram.s
   Uses
      At line 96 in file Core\src\startup_stm32f40_41xxx_ram.s
Comment: CAN2_RX0_IRQHandler used once
CAN2_RX1_IRQHandler 00000000

Symbol: CAN2_RX1_IRQHandler



ARM Macro Assembler    Page 2 Alphabetic symbol ordering
External symbols

   Definitions
      At line 197 in file Core\src\startup_stm32f40_41xxx_ram.s
   Uses
      At line 97 in file Core\src\startup_stm32f40_41xxx_ram.s
Comment: CAN2_RX1_IRQHandler used once
CAN2_SCE_IRQHandler 00000000

Symbol: CAN2_SCE_IRQHandler
   Definitions
      At line 198 in file Core\src\startup_stm32f40_41xxx_ram.s
   Uses
      At line 98 in file Core\src\startup_stm32f40_41xxx_ram.s
Comment: CAN2_SCE_IRQHandler used once
CAN2_TX_IRQHandler 00000000

Symbol: CAN2_TX_IRQHandler
   Definitions
      At line 195 in file Core\src\startup_stm32f40_41xxx_ram.s
   Uses
      At line 95 in file Core\src\startup_stm32f40_41xxx_ram.s
Comment: CAN2_TX_IRQHandler used once
CRYP_IRQHandler 00000000

Symbol: CRYP_IRQHandler
   Definitions
      At line 211 in file Core\src\startup_stm32f40_41xxx_ram.s
   Uses
      At line 111 in file Core\src\startup_stm32f40_41xxx_ram.s
Comment: CRYP_IRQHandler used once
DCMI_IRQHandler 00000000

Symbol: DCMI_IRQHandler
   Definitions
      At line 210 in file Core\src\startup_stm32f40_41xxx_ram.s
   Uses
      At line 110 in file Core\src\startup_stm32f40_41xxx_ram.s
Comment: DCMI_IRQHandler used once
DMA1_Stream0_IRQHandler 00000000

Symbol: DMA1_Stream0_IRQHandler
   Definitions
      At line 143 in file Core\src\startup_stm32f40_41xxx_ram.s
   Uses
      At line 43 in file Core\src\startup_stm32f40_41xxx_ram.s
Comment: DMA1_Stream0_IRQHandler used once
DMA1_Stream1_IRQHandler 00000000

Symbol: DMA1_Stream1_IRQHandler
   Definitions
      At line 144 in file Core\src\startup_stm32f40_41xxx_ram.s
   Uses
      At line 44 in file Core\src\startup_stm32f40_41xxx_ram.s
Comment: DMA1_Stream1_IRQHandler used once
DMA1_Stream2_IRQHandler 00000000

Symbol: DMA1_Stream2_IRQHandler
   Definitions
      At line 145 in file Core\src\startup_stm32f40_41xxx_ram.s
   Uses



ARM Macro Assembler    Page 3 Alphabetic symbol ordering
External symbols

      At line 45 in file Core\src\startup_stm32f40_41xxx_ram.s
Comment: DMA1_Stream2_IRQHandler used once
DMA1_Stream3_IRQHandler 00000000

Symbol: DMA1_Stream3_IRQHandler
   Definitions
      At line 146 in file Core\src\startup_stm32f40_41xxx_ram.s
   Uses
      At line 46 in file Core\src\startup_stm32f40_41xxx_ram.s
Comment: DMA1_Stream3_IRQHandler used once
DMA1_Stream4_IRQHandler 00000000

Symbol: DMA1_Stream4_IRQHandler
   Definitions
      At line 147 in file Core\src\startup_stm32f40_41xxx_ram.s
   Uses
      At line 47 in file Core\src\startup_stm32f40_41xxx_ram.s
Comment: DMA1_Stream4_IRQHandler used once
DMA1_Stream5_IRQHandler 00000000

Symbol: DMA1_Stream5_IRQHandler
   Definitions
      At line 148 in file Core\src\startup_stm32f40_41xxx_ram.s
   Uses
      At line 48 in file Core\src\startup_stm32f40_41xxx_ram.s
Comment: DMA1_Stream5_IRQHandler used once
DMA1_Stream6_IRQHandler 00000000

Symbol: DMA1_Stream6_IRQHandler
   Definitions
      At line 149 in file Core\src\startup_stm32f40_41xxx_ram.s
   Uses
      At line 49 in file Core\src\startup_stm32f40_41xxx_ram.s
Comment: DMA1_Stream6_IRQHandler used once
DMA1_Stream7_IRQHandler 00000000

Symbol: DMA1_Stream7_IRQHandler
   Definitions
      At line 179 in file Core\src\startup_stm32f40_41xxx_ram.s
   Uses
      At line 79 in file Core\src\startup_stm32f40_41xxx_ram.s
Comment: DMA1_Stream7_IRQHandler used once
DMA2_Stream0_IRQHandler 00000000

Symbol: DMA2_Stream0_IRQHandler
   Definitions
      At line 188 in file Core\src\startup_stm32f40_41xxx_ram.s
   Uses
      At line 88 in file Core\src\startup_stm32f40_41xxx_ram.s
Comment: DMA2_Stream0_IRQHandler used once
DMA2_Stream1_IRQHandler 00000000

Symbol: DMA2_Stream1_IRQHandler
   Definitions
      At line 189 in file Core\src\startup_stm32f40_41xxx_ram.s
   Uses
      At line 89 in file Core\src\startup_stm32f40_41xxx_ram.s
Comment: DMA2_Stream1_IRQHandler used once
DMA2_Stream2_IRQHandler 00000000



ARM Macro Assembler    Page 4 Alphabetic symbol ordering
External symbols


Symbol: DMA2_Stream2_IRQHandler
   Definitions
      At line 190 in file Core\src\startup_stm32f40_41xxx_ram.s
   Uses
      At line 90 in file Core\src\startup_stm32f40_41xxx_ram.s
Comment: DMA2_Stream2_IRQHandler used once
DMA2_Stream3_IRQHandler 00000000

Symbol: DMA2_Stream3_IRQHandler
   Definitions
      At line 191 in file Core\src\startup_stm32f40_41xxx_ram.s
   Uses
      At line 91 in file Core\src\startup_stm32f40_41xxx_ram.s
Comment: DMA2_Stream3_IRQHandler used once
DMA2_Stream4_IRQHandler 00000000

Symbol: DMA2_Stream4_IRQHandler
   Definitions
      At line 192 in file Core\src\startup_stm32f40_41xxx_ram.s
   Uses
      At line 92 in file Core\src\startup_stm32f40_41xxx_ram.s
Comment: DMA2_Stream4_IRQHandler used once
DMA2_Stream5_IRQHandler 00000000

Symbol: DMA2_Stream5_IRQHandler
   Definitions
      At line 200 in file Core\src\startup_stm32f40_41xxx_ram.s
   Uses
      At line 100 in file Core\src\startup_stm32f40_41xxx_ram.s
Comment: DMA2_Stream5_IRQHandler used once
DMA2_Stream6_IRQHandler 00000000

Symbol: DMA2_Stream6_IRQHandler
   Definitions
      At line 201 in file Core\src\startup_stm32f40_41xxx_ram.s
   Uses
      At line 101 in file Core\src\startup_stm32f40_41xxx_ram.s
Comment: DMA2_Stream6_IRQHandler used once
DMA2_Stream7_IRQHandler 00000000

Symbol: DMA2_Stream7_IRQHandler
   Definitions
      At line 202 in file Core\src\startup_stm32f40_41xxx_ram.s
   Uses
      At line 102 in file Core\src\startup_stm32f40_41xxx_ram.s
Comment: DMA2_Stream7_IRQHandler used once
DebugMon_Handler 00000000

Symbol: DebugMon_Handler
   Definitions
      At line 128 in file Core\src\startup_stm32f40_41xxx_ram.s
   Uses
      At line 26 in file Core\src\startup_stm32f40_41xxx_ram.s
Comment: DebugMon_Handler used once
ETH_IRQHandler 00000000

Symbol: ETH_IRQHandler
   Definitions



ARM Macro Assembler    Page 5 Alphabetic symbol ordering
External symbols

      At line 193 in file Core\src\startup_stm32f40_41xxx_ram.s
   Uses
      At line 93 in file Core\src\startup_stm32f40_41xxx_ram.s
Comment: ETH_IRQHandler used once
ETH_WKUP_IRQHandler 00000000

Symbol: ETH_WKUP_IRQHandler
   Definitions
      At line 194 in file Core\src\startup_stm32f40_41xxx_ram.s
   Uses
      At line 94 in file Core\src\startup_stm32f40_41xxx_ram.s
Comment: ETH_WKUP_IRQHandler used once
EXTI0_IRQHandler 00000000

Symbol: EXTI0_IRQHandler
   Definitions
      At line 138 in file Core\src\startup_stm32f40_41xxx_ram.s
   Uses
      At line 38 in file Core\src\startup_stm32f40_41xxx_ram.s
Comment: EXTI0_IRQHandler used once
EXTI15_10_IRQHandler 00000000

Symbol: EXTI15_10_IRQHandler
   Definitions
      At line 172 in file Core\src\startup_stm32f40_41xxx_ram.s
   Uses
      At line 72 in file Core\src\startup_stm32f40_41xxx_ram.s
Comment: EXTI15_10_IRQHandler used once
EXTI1_IRQHandler 00000000

Symbol: EXTI1_IRQHandler
   Definitions
      At line 139 in file Core\src\startup_stm32f40_41xxx_ram.s
   Uses
      At line 39 in file Core\src\startup_stm32f40_41xxx_ram.s
Comment: EXTI1_IRQHandler used once
EXTI2_IRQHandler 00000000

Symbol: EXTI2_IRQHandler
   Definitions
      At line 140 in file Core\src\startup_stm32f40_41xxx_ram.s
   Uses
      At line 40 in file Core\src\startup_stm32f40_41xxx_ram.s
Comment: EXTI2_IRQHandler used once
EXTI3_IRQHandler 00000000

Symbol: EXTI3_IRQHandler
   Definitions
      At line 141 in file Core\src\startup_stm32f40_41xxx_ram.s
   Uses
      At line 41 in file Core\src\startup_stm32f40_41xxx_ram.s
Comment: EXTI3_IRQHandler used once
EXTI4_IRQHandler 00000000

Symbol: EXTI4_IRQHandler
   Definitions
      At line 142 in file Core\src\startup_stm32f40_41xxx_ram.s
   Uses
      At line 42 in file Core\src\startup_stm32f40_41xxx_ram.s



ARM Macro Assembler    Page 6 Alphabetic symbol ordering
External symbols

Comment: EXTI4_IRQHandler used once
EXTI9_5_IRQHandler 00000000

Symbol: EXTI9_5_IRQHandler
   Definitions
      At line 155 in file Core\src\startup_stm32f40_41xxx_ram.s
   Uses
      At line 55 in file Core\src\startup_stm32f40_41xxx_ram.s
Comment: EXTI9_5_IRQHandler used once
FLASH_IRQHandler 00000000

Symbol: FLASH_IRQHandler
   Definitions
      At line 136 in file Core\src\startup_stm32f40_41xxx_ram.s
   Uses
      At line 36 in file Core\src\startup_stm32f40_41xxx_ram.s
Comment: FLASH_IRQHandler used once
FPU_IRQHandler 00000000

Symbol: FPU_IRQHandler
   Definitions
      At line 213 in file Core\src\startup_stm32f40_41xxx_ram.s
   Uses
      At line 113 in file Core\src\startup_stm32f40_41xxx_ram.s
Comment: FPU_IRQHandler used once
FSMC_IRQHandler 00000000

Symbol: FSMC_IRQHandler
   Definitions
      At line 180 in file Core\src\startup_stm32f40_41xxx_ram.s
   Uses
      At line 80 in file Core\src\startup_stm32f40_41xxx_ram.s
Comment: FSMC_IRQHandler used once
HASH_RNG_IRQHandler 00000000

Symbol: HASH_RNG_IRQHandler
   Definitions
      At line 212 in file Core\src\startup_stm32f40_41xxx_ram.s
   Uses
      At line 112 in file Core\src\startup_stm32f40_41xxx_ram.s
Comment: HASH_RNG_IRQHandler used once
HardFault_Handler 00000000

Symbol: HardFault_Handler
   Definitions
      At line 123 in file Core\src\startup_stm32f40_41xxx_ram.s
   Uses
      At line 17 in file Core\src\startup_stm32f40_41xxx_ram.s
Comment: HardFault_Handler used once
I2C1_ER_IRQHandler 00000000

Symbol: I2C1_ER_IRQHandler
   Definitions
      At line 164 in file Core\src\startup_stm32f40_41xxx_ram.s
   Uses
      At line 64 in file Core\src\startup_stm32f40_41xxx_ram.s
Comment: I2C1_ER_IRQHandler used once
I2C1_EV_IRQHandler 00000000




ARM Macro Assembler    Page 7 Alphabetic symbol ordering
External symbols

Symbol: I2C1_EV_IRQHandler
   Definitions
      At line 163 in file Core\src\startup_stm32f40_41xxx_ram.s
   Uses
      At line 63 in file Core\src\startup_stm32f40_41xxx_ram.s
Comment: I2C1_EV_IRQHandler used once
I2C2_ER_IRQHandler 00000000

Symbol: I2C2_ER_IRQHandler
   Definitions
      At line 166 in file Core\src\startup_stm32f40_41xxx_ram.s
   Uses
      At line 66 in file Core\src\startup_stm32f40_41xxx_ram.s
Comment: I2C2_ER_IRQHandler used once
I2C2_EV_IRQHandler 00000000

Symbol: I2C2_EV_IRQHandler
   Definitions
      At line 165 in file Core\src\startup_stm32f40_41xxx_ram.s
   Uses
      At line 65 in file Core\src\startup_stm32f40_41xxx_ram.s
Comment: I2C2_EV_IRQHandler used once
I2C3_ER_IRQHandler 00000000

Symbol: I2C3_ER_IRQHandler
   Definitions
      At line 205 in file Core\src\startup_stm32f40_41xxx_ram.s
   Uses
      At line 105 in file Core\src\startup_stm32f40_41xxx_ram.s
Comment: I2C3_ER_IRQHandler used once
I2C3_EV_IRQHandler 00000000

Symbol: I2C3_EV_IRQHandler
   Definitions
      At line 204 in file Core\src\startup_stm32f40_41xxx_ram.s
   Uses
      At line 104 in file Core\src\startup_stm32f40_41xxx_ram.s
Comment: I2C3_EV_IRQHandler used once
MemManage_Handler 00000000

Symbol: MemManage_Handler
   Definitions
      At line 124 in file Core\src\startup_stm32f40_41xxx_ram.s
   Uses
      At line 18 in file Core\src\startup_stm32f40_41xxx_ram.s
Comment: MemManage_Handler used once
NMI_Handler 00000000

Symbol: NMI_Handler
   Definitions
      At line 122 in file Core\src\startup_stm32f40_41xxx_ram.s
   Uses
      At line 16 in file Core\src\startup_stm32f40_41xxx_ram.s
Comment: NMI_Handler used once
OTG_FS_IRQHandler 00000000

Symbol: OTG_FS_IRQHandler
   Definitions
      At line 199 in file Core\src\startup_stm32f40_41xxx_ram.s



ARM Macro Assembler    Page 8 Alphabetic symbol ordering
External symbols

   Uses
      At line 99 in file Core\src\startup_stm32f40_41xxx_ram.s
Comment: OTG_FS_IRQHandler used once
OTG_FS_WKUP_IRQHandler 00000000

Symbol: OTG_FS_WKUP_IRQHandler
   Definitions
      At line 174 in file Core\src\startup_stm32f40_41xxx_ram.s
   Uses
      At line 74 in file Core\src\startup_stm32f40_41xxx_ram.s
Comment: OTG_FS_WKUP_IRQHandler used once
OTG_HS_EP1_IN_IRQHandler 00000000

Symbol: OTG_HS_EP1_IN_IRQHandler
   Definitions
      At line 207 in file Core\src\startup_stm32f40_41xxx_ram.s
   Uses
      At line 107 in file Core\src\startup_stm32f40_41xxx_ram.s
Comment: OTG_HS_EP1_IN_IRQHandler used once
OTG_HS_EP1_OUT_IRQHandler 00000000

Symbol: OTG_HS_EP1_OUT_IRQHandler
   Definitions
      At line 206 in file Core\src\startup_stm32f40_41xxx_ram.s
   Uses
      At line 106 in file Core\src\startup_stm32f40_41xxx_ram.s
Comment: OTG_HS_EP1_OUT_IRQHandler used once
OTG_HS_IRQHandler 00000000

Symbol: OTG_HS_IRQHandler
   Definitions
      At line 209 in file Core\src\startup_stm32f40_41xxx_ram.s
   Uses
      At line 109 in file Core\src\startup_stm32f40_41xxx_ram.s
Comment: OTG_HS_IRQHandler used once
OTG_HS_WKUP_IRQHandler 00000000

Symbol: OTG_HS_WKUP_IRQHandler
   Definitions
      At line 208 in file Core\src\startup_stm32f40_41xxx_ram.s
   Uses
      At line 108 in file Core\src\startup_stm32f40_41xxx_ram.s
Comment: OTG_HS_WKUP_IRQHandler used once
PVD_IRQHandler 00000000

Symbol: PVD_IRQHandler
   Definitions
      At line 133 in file Core\src\startup_stm32f40_41xxx_ram.s
   Uses
      At line 33 in file Core\src\startup_stm32f40_41xxx_ram.s
Comment: PVD_IRQHandler used once
PendSV_Handler 00000000

Symbol: PendSV_Handler
   Definitions
      At line 129 in file Core\src\startup_stm32f40_41xxx_ram.s
   Uses
      At line 28 in file Core\src\startup_stm32f40_41xxx_ram.s
Comment: PendSV_Handler used once



ARM Macro Assembler    Page 9 Alphabetic symbol ordering
External symbols

RCC_IRQHandler 00000000

Symbol: RCC_IRQHandler
   Definitions
      At line 137 in file Core\src\startup_stm32f40_41xxx_ram.s
   Uses
      At line 37 in file Core\src\startup_stm32f40_41xxx_ram.s
Comment: RCC_IRQHandler used once
RTC_Alarm_IRQHandler 00000000

Symbol: RTC_Alarm_IRQHandler
   Definitions
      At line 173 in file Core\src\startup_stm32f40_41xxx_ram.s
   Uses
      At line 73 in file Core\src\startup_stm32f40_41xxx_ram.s
Comment: RTC_Alarm_IRQHandler used once
RTC_WKUP_IRQHandler 00000000

Symbol: RTC_WKUP_IRQHandler
   Definitions
      At line 135 in file Core\src\startup_stm32f40_41xxx_ram.s
   Uses
      At line 35 in file Core\src\startup_stm32f40_41xxx_ram.s
Comment: RTC_WKUP_IRQHandler used once
Reset_Handler 00000000

Symbol: Reset_Handler
   Definitions
      At line 121 in file Core\src\startup_stm32f40_41xxx_ram.s
   Uses
      At line 15 in file Core\src\startup_stm32f40_41xxx_ram.s
Comment: Reset_Handler used once
SDIO_IRQHandler 00000000

Symbol: SDIO_IRQHandler
   Definitions
      At line 181 in file Core\src\startup_stm32f40_41xxx_ram.s
   Uses
      At line 81 in file Core\src\startup_stm32f40_41xxx_ram.s
Comment: SDIO_IRQHandler used once
SPI1_IRQHandler 00000000

Symbol: SPI1_IRQHandler
   Definitions
      At line 167 in file Core\src\startup_stm32f40_41xxx_ram.s
   Uses
      At line 67 in file Core\src\startup_stm32f40_41xxx_ram.s
Comment: SPI1_IRQHandler used once
SPI2_IRQHandler 00000000

Symbol: SPI2_IRQHandler
   Definitions
      At line 168 in file Core\src\startup_stm32f40_41xxx_ram.s
   Uses
      At line 68 in file Core\src\startup_stm32f40_41xxx_ram.s
Comment: SPI2_IRQHandler used once
SPI3_IRQHandler 00000000

Symbol: SPI3_IRQHandler



ARM Macro Assembler    Page 10 Alphabetic symbol ordering
External symbols

   Definitions
      At line 183 in file Core\src\startup_stm32f40_41xxx_ram.s
   Uses
      At line 83 in file Core\src\startup_stm32f40_41xxx_ram.s
Comment: SPI3_IRQHandler used once
SVC_Handler 00000000

Symbol: SVC_Handler
   Definitions
      At line 127 in file Core\src\startup_stm32f40_41xxx_ram.s
   Uses
      At line 25 in file Core\src\startup_stm32f40_41xxx_ram.s
Comment: SVC_Handler used once
SysTick_Handler 00000000

Symbol: SysTick_Handler
   Definitions
      At line 130 in file Core\src\startup_stm32f40_41xxx_ram.s
   Uses
      At line 29 in file Core\src\startup_stm32f40_41xxx_ram.s
Comment: SysTick_Handler used once
TAMP_STAMP_IRQHandler 00000000

Symbol: TAMP_STAMP_IRQHandler
   Definitions
      At line 134 in file Core\src\startup_stm32f40_41xxx_ram.s
   Uses
      At line 34 in file Core\src\startup_stm32f40_41xxx_ram.s
Comment: TAMP_STAMP_IRQHandler used once
TIM1_BRK_TIM9_IRQHandler 00000000

Symbol: TIM1_BRK_TIM9_IRQHandler
   Definitions
      At line 156 in file Core\src\startup_stm32f40_41xxx_ram.s
   Uses
      At line 56 in file Core\src\startup_stm32f40_41xxx_ram.s
Comment: TIM1_BRK_TIM9_IRQHandler used once
TIM1_CC_IRQHandler 00000000

Symbol: TIM1_CC_IRQHandler
   Definitions
      At line 159 in file Core\src\startup_stm32f40_41xxx_ram.s
   Uses
      At line 59 in file Core\src\startup_stm32f40_41xxx_ram.s
Comment: TIM1_CC_IRQHandler used once
TIM1_TRG_COM_TIM11_IRQHandler 00000000

Symbol: TIM1_TRG_COM_TIM11_IRQHandler
   Definitions
      At line 158 in file Core\src\startup_stm32f40_41xxx_ram.s
   Uses
      At line 58 in file Core\src\startup_stm32f40_41xxx_ram.s
Comment: TIM1_TRG_COM_TIM11_IRQHandler used once
TIM1_UP_TIM10_IRQHandler 00000000

Symbol: TIM1_UP_TIM10_IRQHandler
   Definitions
      At line 157 in file Core\src\startup_stm32f40_41xxx_ram.s
   Uses



ARM Macro Assembler    Page 11 Alphabetic symbol ordering
External symbols

      At line 57 in file Core\src\startup_stm32f40_41xxx_ram.s
Comment: TIM1_UP_TIM10_IRQHandler used once
TIM2_IRQHandler 00000000

Symbol: TIM2_IRQHandler
   Definitions
      At line 160 in file Core\src\startup_stm32f40_41xxx_ram.s
   Uses
      At line 60 in file Core\src\startup_stm32f40_41xxx_ram.s
Comment: TIM2_IRQHandler used once
TIM3_IRQHandler 00000000

Symbol: TIM3_IRQHandler
   Definitions
      At line 161 in file Core\src\startup_stm32f40_41xxx_ram.s
   Uses
      At line 61 in file Core\src\startup_stm32f40_41xxx_ram.s
Comment: TIM3_IRQHandler used once
TIM4_IRQHandler 00000000

Symbol: TIM4_IRQHandler
   Definitions
      At line 162 in file Core\src\startup_stm32f40_41xxx_ram.s
   Uses
      At line 62 in file Core\src\startup_stm32f40_41xxx_ram.s
Comment: TIM4_IRQHandler used once
TIM5_IRQHandler 00000000

Symbol: TIM5_IRQHandler
   Definitions
      At line 182 in file Core\src\startup_stm32f40_41xxx_ram.s
   Uses
      At line 82 in file Core\src\startup_stm32f40_41xxx_ram.s
Comment: TIM5_IRQHandler used once
TIM6_DAC_IRQHandler 00000000

Symbol: TIM6_DAC_IRQHandler
   Definitions
      At line 186 in file Core\src\startup_stm32f40_41xxx_ram.s
   Uses
      At line 86 in file Core\src\startup_stm32f40_41xxx_ram.s
Comment: TIM6_DAC_IRQHandler used once
TIM7_IRQHandler 00000000

Symbol: TIM7_IRQHandler
   Definitions
      At line 187 in file Core\src\startup_stm32f40_41xxx_ram.s
   Uses
      At line 87 in file Core\src\startup_stm32f40_41xxx_ram.s
Comment: TIM7_IRQHandler used once
TIM8_BRK_TIM12_IRQHandler 00000000

Symbol: TIM8_BRK_TIM12_IRQHandler
   Definitions
      At line 175 in file Core\src\startup_stm32f40_41xxx_ram.s
   Uses
      At line 75 in file Core\src\startup_stm32f40_41xxx_ram.s
Comment: TIM8_BRK_TIM12_IRQHandler used once
TIM8_CC_IRQHandler 00000000



ARM Macro Assembler    Page 12 Alphabetic symbol ordering
External symbols


Symbol: TIM8_CC_IRQHandler
   Definitions
      At line 178 in file Core\src\startup_stm32f40_41xxx_ram.s
   Uses
      At line 78 in file Core\src\startup_stm32f40_41xxx_ram.s
Comment: TIM8_CC_IRQHandler used once
TIM8_TRG_COM_TIM14_IRQHandler 00000000

Symbol: TIM8_TRG_COM_TIM14_IRQHandler
   Definitions
      At line 177 in file Core\src\startup_stm32f40_41xxx_ram.s
   Uses
      At line 77 in file Core\src\startup_stm32f40_41xxx_ram.s
Comment: TIM8_TRG_COM_TIM14_IRQHandler used once
TIM8_UP_TIM13_IRQHandler 00000000

Symbol: TIM8_UP_TIM13_IRQHandler
   Definitions
      At line 176 in file Core\src\startup_stm32f40_41xxx_ram.s
   Uses
      At line 76 in file Core\src\startup_stm32f40_41xxx_ram.s
Comment: TIM8_UP_TIM13_IRQHandler used once
UART4_IRQHandler 00000000

Symbol: UART4_IRQHandler
   Definitions
      At line 184 in file Core\src\startup_stm32f40_41xxx_ram.s
   Uses
      At line 84 in file Core\src\startup_stm32f40_41xxx_ram.s
Comment: UART4_IRQHandler used once
UART5_IRQHandler 00000000

Symbol: UART5_IRQHandler
   Definitions
      At line 185 in file Core\src\startup_stm32f40_41xxx_ram.s
   Uses
      At line 85 in file Core\src\startup_stm32f40_41xxx_ram.s
Comment: UART5_IRQHandler used once
USART1_IRQHandler 00000000

Symbol: USART1_IRQHandler
   Definitions
      At line 169 in file Core\src\startup_stm32f40_41xxx_ram.s
   Uses
      At line 69 in file Core\src\startup_stm32f40_41xxx_ram.s
Comment: USART1_IRQHandler used once
USART2_IRQHandler 00000000

Symbol: USART2_IRQHandler
   Definitions
      At line 170 in file Core\src\startup_stm32f40_41xxx_ram.s
   Uses
      At line 70 in file Core\src\startup_stm32f40_41xxx_ram.s
Comment: USART2_IRQHandler used once
USART3_IRQHandler 00000000

Symbol: USART3_IRQHandler
   Definitions



ARM Macro Assembler    Page 13 Alphabetic symbol ordering
External symbols

      At line 171 in file Core\src\startup_stm32f40_41xxx_ram.s
   Uses
      At line 71 in file Core\src\startup_stm32f40_41xxx_ram.s
Comment: USART3_IRQHandler used once
USART6_IRQHandler 00000000

Symbol: USART6_IRQHandler
   Definitions
      At line 203 in file Core\src\startup_stm32f40_41xxx_ram.s
   Uses
      At line 103 in file Core\src\startup_stm32f40_41xxx_ram.s
Comment: USART6_IRQHandler used once
UsageFault_Handler 00000000

Symbol: UsageFault_Handler
   Definitions
      At line 126 in file Core\src\startup_stm32f40_41xxx_ram.s
   Uses
      At line 20 in file Core\src\startup_stm32f40_41xxx_ram.s
Comment: UsageFault_Handler used once
WWDG_IRQHandler 00000000

Symbol: WWDG_IRQHandler
   Definitions
      At line 132 in file Core\src\startup_stm32f40_41xxx_ram.s
   Uses
      At line 32 in file Core\src\startup_stm32f40_41xxx_ram.s
Comment: WWDG_IRQHandler used once
92 symbols
434 symbols in table
